<?xml version="1.0" encoding="UTF-8"?>
<testsuite xmlns:xsi="http://www.w3.org/2001/XMLSchema-instance" xsi:noNamespaceSchemaLocation="https://maven.apache.org/surefire/maven-surefire-plugin/xsd/surefire-test-report.xsd" version="3.0.2" name="com.example.ai_assistant_service.AiAssistantServiceApplicationTests" time="2.13" tests="1" errors="0" skipped="0" failures="0" flakes="0">
  <properties>
[...]
</properties>
  <testcase name="contextLoads" classname="com.example.ai_assistant_service.AiAssistantServiceApplicationTests" time="0.298">
    <system-out><![CDATA[15:09:35.241 [main] INFO org.springframework.test.context.support.AnnotationConfigContextLoaderUtils -- Could not detect default configuration classes for test class [com.example.ai_assistant_service.AiAssistantServiceApplicationTests]: AiAssistantServiceApplicationTests does not declare any static, non-private, non-final, nested classes annotated with @Configuration.
15:09:35.291 [main] INFO org.springframework.boot.test.context.SpringBootTestContextBootstrapper -- Found @SpringBootConfiguration com.example.ai_assistant_service.AiAssistantServiceApplication for test class com.example.ai_assistant_service.AiAssistantServiceApplicationTests
15:09:35.325 [main] INFO org.springframework.test.context.support.AnnotationConfigContextLoaderUtils -- Could not detect default configuration classes for test class [com.example.ai_assistant_service.AiAssistantServiceApplicationTests]: AiAssistantServiceApplicationTests does not declare any static, non-private, non-final, nested classes annotated with @Configuration.
15:09:35.326 [main] INFO org.springframework.boot.test.context.SpringBootTestContextBootstrapper -- Found @SpringBootConfiguration com.example.ai_assistant_service.AiAssistantServiceApplication for test class com.example.ai_assistant_service.AiAssistantServiceApplicationTests

  .   ____          _            __ _ _
 /\\ / ___'_ __ _ _(_)_ __  __ _ \ \ \ \
( ( )\___ | '_ | '_| | '_ \/ _` | \ \ \ \
 \\/  ___)| |_)| | | | | || (_| |  ) ) ) )
  '  |____| .__|_| |_|_| |_\__, | / / / /
 =========|_|==============|___/=/_/_/_/

 :: Spring Boot ::                (v4.0.6)

2026-05-08T15:09:35.450+05:30  INFO 25825 --- [ai-assistant-service] [           main] c.e.a.AiAssistantServiceApplicationTests : Starting AiAssistantServiceApplicationTests using Java 17.0.18 with PID 25825 (started by yashwanth in /Users/yashwanth/Desktop/my_space/ai-assistant-service)
2026-05-08T15:09:35.451+05:30  INFO 25825 --- [ai-assistant-service] [           main] c.e.a.AiAssistantServiceApplicationTests : No active profile set, falling back to 1 default profile: "default"
2026-05-08T15:09:35.836+05:30  INFO 25825 --- [ai-assistant-service] [oundedElastic-1] i.m.c.transport.StdioClientTransport     : MCP server starting.
2026-05-08T15:09:35.845+05:30  INFO 25825 --- [ai-assistant-service] [oundedElastic-1] i.m.c.transport.StdioClientTransport     : MCP server started
2026-05-08T15:09:35.860+05:30  INFO 25825 --- [ai-assistant-service] [pool-6-thread-1] i.m.c.transport.StdioClientTransport     : STDERR Message received: Picked up JAVA_TOOL_OPTIONS: -Dfile.encoding=UTF-8
2026-05-08T15:09:36.886+05:30  INFO 25825 --- [ai-assistant-service] [pool-3-thread-1] i.m.client.LifecycleInitializer          : Server response with Protocol: 2024-11-05, Capabilities: ServerCapabilities[completions=CompletionCapabilities[], experimental=null, logging=LoggingCapabilities[], prompts=PromptCapabilities[listChanged=true], resources=ResourceCapabilities[subscribe=false, listChanged=true], tools=ToolCapabilities[listChanged=true]], Info: Implementation[name=mcp-server, title=null, version=1.0.0] and Instructions null
Registered tool: getWeather
Registered tool: getForecast
2026-05-08T15:09:36.986+05:30  WARN 25825 --- [ai-assistant-service] [           main] o.s.a.m.a.p.s.SyncMcpSamplingProvider    : No sampling methods found
2026-05-08T15:09:36.986+05:30  WARN 25825 --- [ai-assistant-service] [           main] o.s.a.m.a.p.e.SyncMcpElicitationProvider : No elicitation methods found
2026-05-08T15:09:36.990+05:30  INFO 25825 --- [ai-assistant-service] [           main] c.e.a.AiAssistantServiceApplicationTests : Started AiAssistantServiceApplicationTests in 1.639 seconds (process running for 2.076)
]]></system-out>
  </testcase>
</testsuite>